2026-01-16T00:02:05.623-03:00  INFO 23632 --- [inovate-barber] [main] b.c.a.i.InovateBarberApplication         : Starting InovateBarberApplication using Java 17.0.17 with PID 23632 (K:\spring-projects\inovate-barber\target\classes started by kaios in K:\spring-projects\inovate-barber)
2026-01-16T00:02:05.632-03:00  INFO 23632 --- [inovate-barber] [main] b.c.a.i.InovateBarberApplication         : No active profile set, falling back to 1 default profile: "default"
2026-01-16T00:02:06.246-03:00  INFO 23632 --- [inovate-barber] [main] .s.d.r.c.RepositoryConfigurationDelegate : Bootstrapping Spring Data JPA repositories in DEFAULT mode.
2026-01-16T00:02:06.303-03:00  INFO 23632 --- [inovate-barber] [main] .s.d.r.c.RepositoryConfigurationDelegate : Finished Spring Data repository scanning in 50 ms. Found 6 JPA repository interfaces.
2026-01-16T00:02:06.752-03:00  INFO 23632 --- [inovate-barber] [main] o.s.b.w.embedded.tomcat.TomcatWebServer  : Tomcat initialized with port 8082 (http)
2026-01-16T00:02:06.761-03:00  INFO 23632 --- [inovate-barber] [main] o.apache.catalina.core.StandardService   : Starting service [Tomcat]
2026-01-16T00:02:06.762-03:00  INFO 23632 --- [inovate-barber] [main] o.apache.catalina.core.StandardEngine    : Starting Servlet engine: [Apache Tomcat/10.1.49]
2026-01-16T00:02:06.809-03:00  INFO 23632 --- [inovate-barber] [main] o.a.c.c.C.[Tomcat].[localhost].[/]       : Initializing Spring embedded WebApplicationContext
2026-01-16T00:02:06.809-03:00  INFO 23632 --- [inovate-barber] [main] w.s.c.ServletWebServerApplicationContext : Root WebApplicationContext: initialization completed in 1141 ms
2026-01-16T00:02:07.011-03:00  INFO 23632 --- [inovate-barber] [main] com.zaxxer.hikari.HikariDataSource       : HikariPool-1 - Starting...
2026-01-16T00:02:07.130-03:00  INFO 23632 --- [inovate-barber] [main] com.zaxxer.hikari.pool.HikariPool        : HikariPool-1 - Added connection org.postgresql.jdbc.PgConnection@19dac2d6
2026-01-16T00:02:07.132-03:00  INFO 23632 --- [inovate-barber] [main] com.zaxxer.hikari.HikariDataSource       : HikariPool-1 - Start completed.
2026-01-16T00:02:07.155-03:00  INFO 23632 --- [inovate-barber] [main] org.flywaydb.core.FlywayExecutor         : Database: jdbc:postgresql://localhost:5432/inovate_barber_db (PostgreSQL 16.11)
2026-01-16T00:02:07.201-03:00  INFO 23632 --- [inovate-barber] [main] o.f.core.internal.command.DbValidate     : Successfully validated 2 migrations (execution time 00:00.024s)
2026-01-16T00:02:07.244-03:00  INFO 23632 --- [inovate-barber] [main] o.f.core.internal.command.DbMigrate      : Current version of schema "public": 2
2026-01-16T00:02:07.248-03:00  INFO 23632 --- [inovate-barber] [main] o.f.core.internal.command.DbMigrate      : Schema "public" is up to date. No migration necessary.
2026-01-16T00:02:07.317-03:00  INFO 23632 --- [inovate-barber] [main] o.hibernate.jpa.internal.util.LogHelper  : HHH000204: Processing PersistenceUnitInfo [name: default]
2026-01-16T00:02:07.367-03:00  INFO 23632 --- [inovate-barber] [main] org.hibernate.Version                    : HHH000412: Hibernate ORM core version 6.6.36.Final
2026-01-16T00:02:07.399-03:00  INFO 23632 --- [inovate-barber] [main] o.h.c.internal.RegionFactoryInitiator    : HHH000026: Second-level cache disabled
2026-01-16T00:02:07.627-03:00  INFO 23632 --- [inovate-barber] [main] o.s.o.j.p.SpringPersistenceUnitInfo      : No LoadTimeWeaver setup: ignoring JPA class transformer
2026-01-16T00:02:07.673-03:00  WARN 23632 --- [inovate-barber] [main] org.hibernate.orm.deprecation            : HHH90000025: PostgreSQLDialect does not need to be specified explicitly using 'hibernate.dialect' (remove the property setting and it will be selected by default)
2026-01-16T00:02:07.688-03:00  INFO 23632 --- [inovate-barber] [main] org.hibernate.orm.connections.pooling    : HHH10001005: Database info:
	Database JDBC URL [Connecting through datasource 'HikariDataSource (HikariPool-1)']
	Database driver: undefined/unknown
	Database version: 16.11
	Autocommit mode: undefined/unknown
	Isolation level: undefined/unknown
	Minimum pool size: undefined/unknown
	Maximum pool size: undefined/unknown
2026-01-16T00:02:08.564-03:00  INFO 23632 --- [inovate-barber] [main] o.h.e.t.j.p.i.JtaPlatformInitiator       : HHH000489: No JTA platform available (set 'hibernate.transaction.jta.platform' to enable JTA platform integration)
2026-01-16T00:02:08.566-03:00  INFO 23632 --- [inovate-barber] [main] j.LocalContainerEntityManagerFactoryBean : Initialized JPA EntityManagerFactory for persistence unit 'default'
2026-01-16T00:02:08.861-03:00  INFO 23632 --- [inovate-barber] [main] o.s.d.j.r.query.QueryEnhancerFactory     : Hibernate is in classpath; If applicable, HQL parser will be used.
2026-01-16T00:02:09.213-03:00  WARN 23632 --- [inovate-barber] [main] JpaBaseConfiguration$JpaWebConfiguration : spring.jpa.open-in-view is enabled by default. Therefore, database queries may be performed during view rendering. Explicitly configure spring.jpa.open-in-view to disable this warning
2026-01-16T00:02:09.238-03:00  WARN 23632 --- [inovate-barber] [main] .s.s.UserDetailsServiceAutoConfiguration : 

Using generated security password: 293485f7-c7ce-4ce7-a738-c9fe25d14a2d

This generated password is for development use only. Your security configuration must be updated before running your application in production.

2026-01-16T00:02:09.243-03:00  INFO 23632 --- [inovate-barber] [main] r$InitializeUserDetailsManagerConfigurer : Global AuthenticationManager configured with UserDetailsService bean with name inMemoryUserDetailsManager
2026-01-16T00:02:09.714-03:00  INFO 23632 --- [inovate-barber] [main] o.s.b.w.embedded.tomcat.TomcatWebServer  : Tomcat started on port 8082 (http) with context path '/'
2026-01-16T00:02:09.724-03:00  INFO 23632 --- [inovate-barber] [main] b.c.a.i.InovateBarberApplication         : Started InovateBarberApplication in 4.532 seconds (process running for 5.186)
2026-01-16T00:03:31.508-03:00  INFO 23632 --- [inovate-barber] [http-nio-8082-exec-1] o.a.c.c.C.[Tomcat].[localhost].[/]       : Initializing Spring DispatcherServlet 'dispatcherServlet'
2026-01-16T00:03:31.508-03:00  INFO 23632 --- [inovate-barber] [http-nio-8082-exec-1] o.s.web.servlet.DispatcherServlet        : Initializing Servlet 'dispatcherServlet'
2026-01-16T00:03:31.509-03:00  INFO 23632 --- [inovate-barber] [http-nio-8082-exec-1] o.s.web.servlet.DispatcherServlet        : Completed initialization in 1 ms
2026-01-16T00:08:42.859-03:00  INFO 23632 --- [inovate-barber] [SpringApplicationShutdownHook] o.s.b.w.e.tomcat.GracefulShutdown        : Commencing graceful shutdown. Waiting for active requests to complete
2026-01-16T00:08:42.907-03:00  INFO 23632 --- [inovate-barber] [tomcat-shutdown] o.s.b.w.e.tomcat.GracefulShutdown        : Graceful shutdown complete
2026-01-16T00:08:42.912-03:00  INFO 23632 --- [inovate-barber] [SpringApplicationShutdownHook] j.LocalContainerEntityManagerFactoryBean : Closing JPA EntityManagerFactory for persistence unit 'default'
2026-01-16T00:08:42.914-03:00  INFO 23632 --- [inovate-barber] [SpringApplicationShutdownHook] com.zaxxer.hikari.HikariDataSource       : HikariPool-1 - Shutdown initiated...
2026-01-16T00:08:42.916-03:00  INFO 23632 --- [inovate-barber] [SpringApplicationShutdownHook] com.zaxxer.hikari.HikariDataSource       : HikariPool-1 - Shutdown completed.
2026-01-16T00:17:14.374-03:00  INFO 28216 --- [inovate-barber] [main] b.c.a.i.InovateBarberApplication         : Starting InovateBarberApplication using Java 17.0.17 with PID 28216 (K:\spring-projects\inovate-barber\target\classes started by kaios in K:\spring-projects\inovate-barber)
2026-01-16T00:17:14.377-03:00  INFO 28216 --- [inovate-barber] [main] b.c.a.i.InovateBarberApplication         : No active profile set, falling back to 1 default profile: "default"
2026-01-16T00:17:14.963-03:00  INFO 28216 --- [inovate-barber] [main] .s.d.r.c.RepositoryConfigurationDelegate : Bootstrapping Spring Data JPA repositories in DEFAULT mode.
2026-01-16T00:17:15.019-03:00  INFO 28216 --- [inovate-barber] [main] .s.d.r.c.RepositoryConfigurationDelegate : Finished Spring Data repository scanning in 49 ms. Found 6 JPA repository interfaces.
2026-01-16T00:17:15.373-03:00  INFO 28216 --- [inovate-barber] [main] o.s.b.w.embedded.tomcat.TomcatWebServer  : Tomcat initialized with port 8082 (http)
2026-01-16T00:17:15.382-03:00  INFO 28216 --- [inovate-barber] [main] o.apache.catalina.core.StandardService   : Starting service [Tomcat]
2026-01-16T00:17:15.382-03:00  INFO 28216 --- [inovate-barber] [main] o.apache.catalina.core.StandardEngine    : Starting Servlet engine: [Apache Tomcat/10.1.49]
2026-01-16T00:17:15.429-03:00  INFO 28216 --- [inovate-barber] [main] o.a.c.c.C.[Tomcat].[localhost].[/]       : Initializing Spring embedded WebApplicationContext
2026-01-16T00:17:15.429-03:00  INFO 28216 --- [inovate-barber] [main] w.s.c.ServletWebServerApplicationContext : Root WebApplicationContext: initialization completed in 1016 ms
2026-01-16T00:17:15.613-03:00  INFO 28216 --- [inovate-barber] [main] com.zaxxer.hikari.HikariDataSource       : HikariPool-1 - Starting...
2026-01-16T00:17:15.723-03:00  INFO 28216 --- [inovate-barber] [main] com.zaxxer.hikari.pool.HikariPool        : HikariPool-1 - Added connection org.postgresql.jdbc.PgConnection@5c70d7f0
2026-01-16T00:17:15.724-03:00  INFO 28216 --- [inovate-barber] [main] com.zaxxer.hikari.HikariDataSource       : HikariPool-1 - Start completed.
2026-01-16T00:17:15.750-03:00  INFO 28216 --- [inovate-barber] [main] org.flywaydb.core.FlywayExecutor         : Database: jdbc:postgresql://localhost:5432/inovate_barber_db (PostgreSQL 16.11)
2026-01-16T00:17:15.800-03:00  INFO 28216 --- [inovate-barber] [main] o.f.core.internal.command.DbValidate     : Successfully validated 2 migrations (execution time 00:00.025s)
2026-01-16T00:17:15.847-03:00  INFO 28216 --- [inovate-barber] [main] o.f.core.internal.command.DbMigrate      : Current version of schema "public": 2
2026-01-16T00:17:15.850-03:00  INFO 28216 --- [inovate-barber] [main] o.f.core.internal.command.DbMigrate      : Schema "public" is up to date. No migration necessary.
2026-01-16T00:17:15.920-03:00  INFO 28216 --- [inovate-barber] [main] o.hibernate.jpa.internal.util.LogHelper  : HHH000204: Processing PersistenceUnitInfo [name: default]
2026-01-16T00:17:15.962-03:00  INFO 28216 --- [inovate-barber] [main] org.hibernate.Version                    : HHH000412: Hibernate ORM core version 6.6.36.Final
2026-01-16T00:17:15.987-03:00  INFO 28216 --- [inovate-barber] [main] o.h.c.internal.RegionFactoryInitiator    : HHH000026: Second-level cache disabled
2026-01-16T00:17:16.193-03:00  INFO 28216 --- [inovate-barber] [main] o.s.o.j.p.SpringPersistenceUnitInfo      : No LoadTimeWeaver setup: ignoring JPA class transformer
2026-01-16T00:17:16.236-03:00  WARN 28216 --- [inovate-barber] [main] org.hibernate.orm.deprecation            : HHH90000025: PostgreSQLDialect does not need to be specified explicitly using 'hibernate.dialect' (remove the property setting and it will be selected by default)
2026-01-16T00:17:16.257-03:00  INFO 28216 --- [inovate-barber] [main] org.hibernate.orm.connections.pooling    : HHH10001005: Database info:
	Database JDBC URL [Connecting through datasource 'HikariDataSource (HikariPool-1)']
	Database driver: undefined/unknown
	Database version: 16.11
	Autocommit mode: undefined/unknown
	Isolation level: undefined/unknown
	Minimum pool size: undefined/unknown
	Maximum pool size: undefined/unknown
2026-01-16T00:17:17.035-03:00  INFO 28216 --- [inovate-barber] [main] o.h.e.t.j.p.i.JtaPlatformInitiator       : HHH000489: No JTA platform available (set 'hibernate.transaction.jta.platform' to enable JTA platform integration)
2026-01-16T00:17:17.038-03:00  INFO 28216 --- [inovate-barber] [main] j.LocalContainerEntityManagerFactoryBean : Initialized JPA EntityManagerFactory for persistence unit 'default'
2026-01-16T00:17:17.281-03:00  INFO 28216 --- [inovate-barber] [main] o.s.d.j.r.query.QueryEnhancerFactory     : Hibernate is in classpath; If applicable, HQL parser will be used.
2026-01-16T00:17:17.591-03:00  WARN 28216 --- [inovate-barber] [main] JpaBaseConfiguration$JpaWebConfiguration : spring.jpa.open-in-view is enabled by default. Therefore, database queries may be performed during view rendering. Explicitly configure spring.jpa.open-in-view to disable this warning
2026-01-16T00:17:17.613-03:00  WARN 28216 --- [inovate-barber] [main] .s.s.UserDetailsServiceAutoConfiguration : 

Using generated security password: 0fe41e4b-1e0d-45e0-8745-c896c89a3e73

This generated password is for development use only. Your security configuration must be updated before running your application in production.

2026-01-16T00:17:17.618-03:00  INFO 28216 --- [inovate-barber] [main] r$InitializeUserDetailsManagerConfigurer : Global AuthenticationManager configured with UserDetailsService bean with name inMemoryUserDetailsManager
2026-01-16T00:17:18.035-03:00  INFO 28216 --- [inovate-barber] [main] o.s.b.w.embedded.tomcat.TomcatWebServer  : Tomcat started on port 8082 (http) with context path '/'
2026-01-16T00:17:18.043-03:00  INFO 28216 --- [inovate-barber] [main] b.c.a.i.InovateBarberApplication         : Started InovateBarberApplication in 4.064 seconds (process running for 4.515)
2026-01-16T00:17:20.650-03:00  INFO 28216 --- [inovate-barber] [http-nio-8082-exec-1] o.a.c.c.C.[Tomcat].[localhost].[/]       : Initializing Spring DispatcherServlet 'dispatcherServlet'
2026-01-16T00:17:20.650-03:00  INFO 28216 --- [inovate-barber] [http-nio-8082-exec-1] o.s.web.servlet.DispatcherServlet        : Initializing Servlet 'dispatcherServlet'
2026-01-16T00:17:20.652-03:00  INFO 28216 --- [inovate-barber] [http-nio-8082-exec-1] o.s.web.servlet.DispatcherServlet        : Completed initialization in 2 ms
2026-01-16T00:17:30.507-03:00  INFO 28216 --- [inovate-barber] [SpringApplicationShutdownHook] o.s.b.w.e.tomcat.GracefulShutdown        : Commencing graceful shutdown. Waiting for active requests to complete
2026-01-16T00:17:30.550-03:00  INFO 28216 --- [inovate-barber] [tomcat-shutdown] o.s.b.w.e.tomcat.GracefulShutdown        : Graceful shutdown complete
2026-01-16T00:17:30.555-03:00  INFO 28216 --- [inovate-barber] [SpringApplicationShutdownHook] j.LocalContainerEntityManagerFactoryBean : Closing JPA EntityManagerFactory for persistence unit 'default'
2026-01-16T00:17:30.557-03:00  INFO 28216 --- [inovate-barber] [SpringApplicationShutdownHook] com.zaxxer.hikari.HikariDataSource       : HikariPool-1 - Shutdown initiated...
2026-01-16T00:17:30.560-03:00  INFO 28216 --- [inovate-barber] [SpringApplicationShutdownHook] com.zaxxer.hikari.HikariDataSource       : HikariPool-1 - Shutdown completed.
